HTTP/2 200 
server: GitHub.com
date: Tue, 22 Feb 2022 07:07:35 GMT
content-type: application/json; charset=utf-8
content-length: 8502
cache-control: private, max-age=60, s-maxage=60
vary: Accept, Authorization, Cookie, X-GitHub-OTP
etag: "e58ee6e24950bfe7cd96dea41deccd7fea22fe08"
last-modified: Mon, 21 Feb 2022 23:20:51 GMT
x-oauth-scopes: 
x-accepted-oauth-scopes: 
github-authentication-token-expiration: 2022-09-22 05:00:00 UTC
x-github-media-type: github.v3; format=json
x-ratelimit-limit: 5000
x-ratelimit-remaining: 4999
x-ratelimit-reset: 1645517255
x-ratelimit-used: 1
x-ratelimit-resource: core
access-control-expose-headers: ETag, Link, Location, Retry-After, X-GitHub-OTP, X-RateLimit-Limit, X-RateLimit-Remaining, X-RateLimit-Used, X-RateLimit-Resource, X-RateLimit-Reset, X-OAuth-Scopes, X-Accepted-OAuth-Scopes, X-Poll-Interval, X-GitHub-Media-Type, X-GitHub-SSO, X-GitHub-Request-Id, Deprecation, Sunset
access-control-allow-origin: *
strict-transport-security: max-age=31536000; includeSubdomains; preload
x-frame-options: deny
x-content-type-options: nosniff
x-xss-protection: 0
referrer-policy: origin-when-cross-origin, strict-origin-when-cross-origin
content-security-policy: default-src 'none'
vary: Accept-Encoding, Accept, X-Requested-With
x-github-request-id: F8B4:047E:88E29C:15023CC:62148BB7

