Start commons-io:commons-io

Processing signalapp@Signal-Server
Cloning...
/Users/yicheng/research/covDiff/clients/signalapp@Signal-Server
signalapp@Signal-Server-commons-io@commons-io.exec file exists OR TestTimeOut OR NoCoverage!
Found        0 exec files
NoCoverage! Move to next client...

Processing Alluxio@alluxio
Cloning...
/Users/yicheng/research/covDiff/clients/Alluxio@alluxio
Alluxio@alluxio-commons-io@commons-io.exec file exists OR TestTimeOut OR NoCoverage!
Found        6 exec files
[INFO] Loading execution data file /Users/yicheng/research/covDiff/clients/Alluxio@alluxio/./core/common/target/jacoco.exec.
[INFO] Loading execution data file /Users/yicheng/research/covDiff/clients/Alluxio@alluxio/./core/client/hdfs/target/jacoco.exec.
[INFO] Loading execution data file /Users/yicheng/research/covDiff/clients/Alluxio@alluxio/./core/client/fs/target/jacoco.exec.
[INFO] Loading execution data file /Users/yicheng/research/covDiff/clients/Alluxio@alluxio/./shell/target/jacoco.exec.
[INFO] Loading execution data file /Users/yicheng/research/covDiff/clients/Alluxio@alluxio/./job/common/target/jacoco.exec.
[INFO] Loading execution data file /Users/yicheng/research/covDiff/clients/Alluxio@alluxio/./job/client/target/jacoco.exec.
[INFO] Writing execution data to /Users/yicheng/research/covDiff/clients/Alluxio@alluxio/Alluxio@alluxio-commons-io@commons-io.exec.
Alluxio@alluxio-commons-io@commons-io.exec is generated successfully!!
Dependency version resolving failed. Move to the next client

Processing chanjarster@weixin-java-tools
Cloning...
/Users/yicheng/research/covDiff/clients/chanjarster@weixin-java-tools
chanjarster@weixin-java-tools-commons-io@commons-io.exec file exists OR TestTimeOut OR NoCoverage!
Found        2 exec files
[INFO] Loading execution data file /Users/yicheng/research/covDiff/clients/chanjarster@weixin-java-tools/./weixin-java-cp/target/jacoco.exec.
[INFO] Loading execution data file /Users/yicheng/research/covDiff/clients/chanjarster@weixin-java-tools/./weixin-java-common/target/jacoco.exec.
[INFO] Writing execution data to /Users/yicheng/research/covDiff/clients/chanjarster@weixin-java-tools/chanjarster@weixin-java-tools-commons-io@commons-io.exec.
chanjarster@weixin-java-tools-commons-io@commons-io.exec is generated successfully!!
chanjarster@weixin-java-tools uses commons-io:commons-io version 2.4
Version 2.4 corresponds to tag 2.4
Checking out to tag 2.4
Testing...
NoCoverage! Move to other clients...

Processing ant-media@Ant-Media-Server
Cloning...
/Users/yicheng/research/covDiff/clients/ant-media@Ant-Media-Server
ant-media@Ant-Media-Server-commons-io@commons-io.exec file exists OR TestTimeOut OR NoCoverage!
Found        0 exec files
NoCoverage! Move to next client...

Processing JakeWharton@DiskLruCache
Cloning...
/Users/yicheng/research/covDiff/clients/JakeWharton@DiskLruCache
JakeWharton@DiskLruCache-commons-io@commons-io.exec file exists OR TestTimeOut OR NoCoverage!
Found        0 exec files
NoCoverage! Move to next client...

Processing AxonFramework@AxonFramework
Cloning...
/Users/yicheng/research/covDiff/clients/AxonFramework@AxonFramework
AxonFramework@AxonFramework-commons-io@commons-io.exec file exists OR TestTimeOut OR NoCoverage!
Found        0 exec files
NoCoverage! Move to next client...

Processing Konloch@bytecode-viewer
Cloning...
/Users/yicheng/research/covDiff/clients/Konloch@bytecode-viewer
Konloch@bytecode-viewer-commons-io@commons-io.exec file exists OR TestTimeOut OR NoCoverage!
Found        0 exec files
NoCoverage! Move to next client...

Processing flowable@flowable-engine
Cloning...
/Users/yicheng/research/covDiff/clients/flowable@flowable-engine
flowable@flowable-engine-commons-io@commons-io.exec file exists OR TestTimeOut OR NoCoverage!
Found       19 exec files
[INFO] Loading execution data file /Users/yicheng/research/covDiff/clients/flowable@flowable-engine/./modules/flowable-form-json-converter/target/jacoco.exec.
[INFO] Loading execution data file /Users/yicheng/research/covDiff/clients/flowable@flowable-engine/./modules/flowable-cmmn-engine-configurator/target/jacoco.exec.
[INFO] Loading execution data file /Users/yicheng/research/covDiff/clients/flowable@flowable-engine/./modules/flowable-form-engine-configurator/target/jacoco.exec.
[INFO] Loading execution data file /Users/yicheng/research/covDiff/clients/flowable@flowable-engine/./modules/flowable-idm-engine/target/jacoco.exec.
[INFO] Loading execution data file /Users/yicheng/research/covDiff/clients/flowable@flowable-engine/./modules/flowable-engine-common/target/jacoco.exec.
[INFO] Loading execution data file /Users/yicheng/research/covDiff/clients/flowable@flowable-engine/./modules/flowable-app-engine/target/jacoco.exec.
[INFO] Loading execution data file /Users/yicheng/research/covDiff/clients/flowable@flowable-engine/./modules/flowable-cmmn-converter/target/jacoco.exec.
[INFO] Loading execution data file /Users/yicheng/research/covDiff/clients/flowable@flowable-engine/./modules/flowable-spring-security/target/jacoco.exec.
[INFO] Loading execution data file /Users/yicheng/research/covDiff/clients/flowable@flowable-engine/./modules/flowable-dmn-xml-converter/target/jacoco.exec.
[INFO] Loading execution data file /Users/yicheng/research/covDiff/clients/flowable@flowable-engine/./modules/flowable-job-service/target/jacoco.exec.
[INFO] Loading execution data file /Users/yicheng/research/covDiff/clients/flowable@flowable-engine/./modules/flowable-case-validation/target/jacoco.exec.
[INFO] Loading execution data file /Users/yicheng/research/covDiff/clients/flowable@flowable-engine/./modules/flowable-event-registry-json-converter/target/jacoco.exec.
[INFO] Loading execution data file /Users/yicheng/research/covDiff/clients/flowable@flowable-engine/./modules/flowable-bpmn-converter/target/jacoco.exec.
[INFO] Loading execution data file /Users/yicheng/research/covDiff/clients/flowable@flowable-engine/./modules/flowable-dmn-engine-configurator/target/jacoco.exec.
[INFO] Loading execution data file /Users/yicheng/research/covDiff/clients/flowable@flowable-engine/./modules/flowable-form-engine/target/jacoco.exec.
[INFO] Loading execution data file /Users/yicheng/research/covDiff/clients/flowable@flowable-engine/./modules/flowable-http-common/target/jacoco.exec.
[INFO] Loading execution data file /Users/yicheng/research/covDiff/clients/flowable@flowable-engine/./modules/flowable-dmn-json-converter/target/jacoco.exec.
[INFO] Loading execution data file /Users/yicheng/research/covDiff/clients/flowable@flowable-engine/./modules/flowable-event-registry/target/jacoco.exec.
[INFO] Loading execution data file /Users/yicheng/research/covDiff/clients/flowable@flowable-engine/./modules/flowable-dmn-engine/target/jacoco.exec.
[INFO] Writing execution data to /Users/yicheng/research/covDiff/clients/flowable@flowable-engine/flowable@flowable-engine-commons-io@commons-io.exec.
flowable@flowable-engine-commons-io@commons-io.exec is generated successfully!!
Dependency version resolving failed. Move to the next client

Processing thingsboard@thingsboard
Cloning...
/Users/yicheng/research/covDiff/clients/thingsboard@thingsboard
thingsboard@thingsboard-commons-io@commons-io.exec file exists OR TestTimeOut OR NoCoverage!
Found        0 exec files
NoCoverage! Move to next client...

Processing oldmanpushcart@greys-anatomy
Cloning...
/Users/yicheng/research/covDiff/clients/oldmanpushcart@greys-anatomy
oldmanpushcart@greys-anatomy-commons-io@commons-io.exec file exists OR TestTimeOut OR NoCoverage!
Found        1 exec files
oldmanpushcart@greys-anatomy uses commons-io:commons-io version 2.4
Version 2.4 corresponds to tag 2.4
Checking out to tag 2.4
Testing...
NoCoverage! Move to other clients...

Processing apache@activemq
Cloning...
/Users/yicheng/research/covDiff/clients/apache@activemq
apache@activemq-commons-io@commons-io.exec file exists OR TestTimeOut OR NoCoverage!
Found        0 exec files
NoCoverage! Move to next client...

Processing RipMeApp@ripme
Cloning...
/Users/yicheng/research/covDiff/clients/RipMeApp@ripme
RipMeApp@ripme-commons-io@commons-io.exec file exists OR TestTimeOut OR NoCoverage!
Found        0 exec files
NoCoverage! Move to next client...

Processing spring-attic@spring-mvc-showcase
Cloning...
/Users/yicheng/research/covDiff/clients/spring-attic@spring-mvc-showcase
spring-attic@spring-mvc-showcase-commons-io@commons-io.exec file exists OR TestTimeOut OR NoCoverage!
Found        0 exec files
NoCoverage! Move to next client...

Processing alibaba@canal
Cloning...
/Users/yicheng/research/covDiff/clients/alibaba@canal
alibaba@canal-commons-io@commons-io.exec file exists OR TestTimeOut OR NoCoverage!
Found       11 exec files
[INFO] Loading execution data file /Users/yicheng/research/covDiff/clients/alibaba@canal/./dbsync/target/jacoco.exec.
[INFO] Loading execution data file /Users/yicheng/research/covDiff/clients/alibaba@canal/./driver/target/jacoco.exec.
[INFO] Loading execution data file /Users/yicheng/research/covDiff/clients/alibaba@canal/./parse/target/jacoco.exec.
[INFO] Loading execution data file /Users/yicheng/research/covDiff/clients/alibaba@canal/./sink/target/jacoco.exec.
[INFO] Loading execution data file /Users/yicheng/research/covDiff/clients/alibaba@canal/./meta/target/jacoco.exec.
[INFO] Loading execution data file /Users/yicheng/research/covDiff/clients/alibaba@canal/./server/target/jacoco.exec.
[INFO] Loading execution data file /Users/yicheng/research/covDiff/clients/alibaba@canal/./common/target/jacoco.exec.
[INFO] Loading execution data file /Users/yicheng/research/covDiff/clients/alibaba@canal/./instance/spring/target/jacoco.exec.
[INFO] Loading execution data file /Users/yicheng/research/covDiff/clients/alibaba@canal/./filter/target/jacoco.exec.
[INFO] Loading execution data file /Users/yicheng/research/covDiff/clients/alibaba@canal/./client/target/jacoco.exec.
[INFO] Loading execution data file /Users/yicheng/research/covDiff/clients/alibaba@canal/./store/target/jacoco.exec.
[INFO] Writing execution data to /Users/yicheng/research/covDiff/clients/alibaba@canal/alibaba@canal-commons-io@commons-io.exec.
alibaba@canal-commons-io@commons-io.exec is generated successfully!!
alibaba@canal uses commons-io:commons-io version 2.4
Version 2.4 corresponds to tag 2.4
Checking out to tag 2.4
Testing...
NoCoverage! Move to other clients...

Processing OryxProject@oryx
Cloning...
/Users/yicheng/research/covDiff/clients/OryxProject@oryx
OryxProject@oryx-commons-io@commons-io.exec file exists OR TestTimeOut OR NoCoverage!
Found        9 exec files
[INFO] Loading execution data file /Users/yicheng/research/covDiff/clients/OryxProject@oryx/./app/oryx-app-api/target/jacoco.exec.
[INFO] Loading execution data file /Users/yicheng/research/covDiff/clients/OryxProject@oryx/./app/oryx-app-mllib/target/jacoco.exec.
[INFO] Loading execution data file /Users/yicheng/research/covDiff/clients/OryxProject@oryx/./app/oryx-app-common/target/jacoco.exec.
[INFO] Loading execution data file /Users/yicheng/research/covDiff/clients/OryxProject@oryx/./app/oryx-app-serving/target/jacoco.exec.
[INFO] Loading execution data file /Users/yicheng/research/covDiff/clients/OryxProject@oryx/./app/oryx-app/target/jacoco.exec.
[INFO] Loading execution data file /Users/yicheng/research/covDiff/clients/OryxProject@oryx/./framework/oryx-ml/target/jacoco.exec.
[INFO] Loading execution data file /Users/yicheng/research/covDiff/clients/OryxProject@oryx/./framework/oryx-lambda/target/jacoco.exec.
[INFO] Loading execution data file /Users/yicheng/research/covDiff/clients/OryxProject@oryx/./framework/oryx-common/target/jacoco.exec.
[INFO] Loading execution data file /Users/yicheng/research/covDiff/clients/OryxProject@oryx/./framework/oryx-lambda-serving/target/jacoco.exec.
[INFO] Writing execution data to /Users/yicheng/research/covDiff/clients/OryxProject@oryx/OryxProject@oryx-commons-io@commons-io.exec.
OryxProject@oryx-commons-io@commons-io.exec is generated successfully!!
OryxProject@oryx uses commons-io:commons-io version 2.7
Version 2.7 corresponds to tag commons-io-2.7-RC1
Checking out to tag commons-io-2.7-RC1
Testing...
Start Cov Diff...
[INFO] Loading execution data file /Users/yicheng/research/covDiff/libraries/apache@commons-io/comparison/lib.exec.
[INFO] Loading execution data file /Users/yicheng/research/covDiff/libraries/apache@commons-io/comparison/client.exec.
[INFO] Analyzing 165 classes.
********** Diff Cov Lib:commons-io@commons-io Client:OryxProject@oryx **********
java.io.FileNotFoundException: /Users/yicheng/research/covDiff/libraries/apache@commons-io/comparison/lib.xml (No such file or directory)
	at java.io.FileInputStream.open0(Native Method)
	at java.io.FileInputStream.open(FileInputStream.java:195)
	at java.io.FileInputStream.<init>(FileInputStream.java:138)
	at java.io.FileInputStream.<init>(FileInputStream.java:93)
	at sun.net.www.protocol.file.FileURLConnection.connect(FileURLConnection.java:90)
	at sun.net.www.protocol.file.FileURLConnection.getInputStream(FileURLConnection.java:188)
	at com.sun.org.apache.xerces.internal.impl.XMLEntityManager.setupCurrentEntity(XMLEntityManager.java:623)
	at com.sun.org.apache.xerces.internal.impl.XMLVersionDetector.determineDocVersion(XMLVersionDetector.java:148)
	at com.sun.org.apache.xerces.internal.parsers.XML11Configuration.parse(XML11Configuration.java:806)
	at com.sun.org.apache.xerces.internal.parsers.XML11Configuration.parse(XML11Configuration.java:771)
	at com.sun.org.apache.xerces.internal.parsers.XMLParser.parse(XMLParser.java:141)
	at com.sun.org.apache.xerces.internal.parsers.DOMParser.parse(DOMParser.java:243)
	at com.sun.org.apache.xerces.internal.jaxp.DocumentBuilderImpl.parse(DocumentBuilderImpl.java:339)
	at javax.xml.parsers.DocumentBuilder.parse(DocumentBuilder.java:205)
	at jacoco.DomParser.getCov(DomParser.java:36)
	at jacoco.DomParser.main(DomParser.java:125)
The first coverage subsumes the second.

Processing alibaba@nacos
Cloning...
/Users/yicheng/research/covDiff/clients/alibaba@nacos
alibaba@nacos-commons-io@commons-io.exec file exists OR TestTimeOut OR NoCoverage!
Found       11 exec files
[INFO] Loading execution data file /Users/yicheng/research/covDiff/clients/alibaba@nacos/./core/target/jacoco.exec.
[INFO] Loading execution data file /Users/yicheng/research/covDiff/clients/alibaba@nacos/./plugin-default-impl/target/jacoco.exec.
[INFO] Loading execution data file /Users/yicheng/research/covDiff/clients/alibaba@nacos/./auth/target/jacoco.exec.
[INFO] Loading execution data file /Users/yicheng/research/covDiff/clients/alibaba@nacos/./plugin/auth/target/jacoco.exec.
[INFO] Loading execution data file /Users/yicheng/research/covDiff/clients/alibaba@nacos/./consistency/target/jacoco.exec.
[INFO] Loading execution data file /Users/yicheng/research/covDiff/clients/alibaba@nacos/./common/target/jacoco.exec.
[INFO] Loading execution data file /Users/yicheng/research/covDiff/clients/alibaba@nacos/./sys/target/jacoco.exec.
[INFO] Loading execution data file /Users/yicheng/research/covDiff/clients/alibaba@nacos/./address/target/jacoco.exec.
[INFO] Loading execution data file /Users/yicheng/research/covDiff/clients/alibaba@nacos/./api/target/jacoco.exec.
[INFO] Loading execution data file /Users/yicheng/research/covDiff/clients/alibaba@nacos/./client/target/jacoco.exec.
[INFO] Loading execution data file /Users/yicheng/research/covDiff/clients/alibaba@nacos/./console/target/jacoco.exec.
[INFO] Writing execution data to /Users/yicheng/research/covDiff/clients/alibaba@nacos/alibaba@nacos-commons-io@commons-io.exec.
alibaba@nacos-commons-io@commons-io.exec is generated successfully!!
alibaba@nacos uses commons-io:commons-io version 2.7
Version 2.7 corresponds to tag commons-io-2.7-RC1
Checking out to tag commons-io-2.7-RC1
Testing...
Start Cov Diff...
[INFO] Loading execution data file /Users/yicheng/research/covDiff/libraries/apache@commons-io/comparison/lib.exec.
[INFO] Loading execution data file /Users/yicheng/research/covDiff/libraries/apache@commons-io/comparison/client.exec.
[INFO] Analyzing 165 classes.
********** Diff Cov Lib:commons-io@commons-io Client:alibaba@nacos **********
java.io.FileNotFoundException: /Users/yicheng/research/covDiff/libraries/apache@commons-io/comparison/lib.xml (No such file or directory)
	at java.io.FileInputStream.open0(Native Method)
	at java.io.FileInputStream.open(FileInputStream.java:195)
	at java.io.FileInputStream.<init>(FileInputStream.java:138)
	at java.io.FileInputStream.<init>(FileInputStream.java:93)
	at sun.net.www.protocol.file.FileURLConnection.connect(FileURLConnection.java:90)
	at sun.net.www.protocol.file.FileURLConnection.getInputStream(FileURLConnection.java:188)
	at com.sun.org.apache.xerces.internal.impl.XMLEntityManager.setupCurrentEntity(XMLEntityManager.java:623)
	at com.sun.org.apache.xerces.internal.impl.XMLVersionDetector.determineDocVersion(XMLVersionDetector.java:148)
	at com.sun.org.apache.xerces.internal.parsers.XML11Configuration.parse(XML11Configuration.java:806)
	at com.sun.org.apache.xerces.internal.parsers.XML11Configuration.parse(XML11Configuration.java:771)
	at com.sun.org.apache.xerces.internal.parsers.XMLParser.parse(XMLParser.java:141)
	at com.sun.org.apache.xerces.internal.parsers.DOMParser.parse(DOMParser.java:243)
	at com.sun.org.apache.xerces.internal.jaxp.DocumentBuilderImpl.parse(DocumentBuilderImpl.java:339)
	at javax.xml.parsers.DocumentBuilder.parse(DocumentBuilder.java:205)
	at jacoco.DomParser.getCov(DomParser.java:36)
	at jacoco.DomParser.main(DomParser.java:125)
The first coverage subsumes the second.

Processing apache@servicecomb-pack
Cloning...
/Users/yicheng/research/covDiff/clients/apache@servicecomb-pack
apache@servicecomb-pack-commons-io@commons-io.exec file exists OR TestTimeOut OR NoCoverage!
Found       12 exec files
[INFO] Loading execution data file /Users/yicheng/research/covDiff/clients/apache@servicecomb-pack/./omega/omega-format/target/jacoco.exec.
[INFO] Loading execution data file /Users/yicheng/research/covDiff/clients/apache@servicecomb-pack/./omega/omega-connector/omega-connector-grpc/target/jacoco.exec.
[INFO] Loading execution data file /Users/yicheng/research/covDiff/clients/apache@servicecomb-pack/./omega/omega-transaction/target/jacoco.exec.
[INFO] Loading execution data file /Users/yicheng/research/covDiff/clients/apache@servicecomb-pack/./omega/omega-spring-tx/target/jacoco.exec.
[INFO] Loading execution data file /Users/yicheng/research/covDiff/clients/apache@servicecomb-pack/./omega/omega-context/target/jacoco.exec.
[INFO] Loading execution data file /Users/yicheng/research/covDiff/clients/apache@servicecomb-pack/./omega/omega-transport/omega-transport-servicecomb/target/jacoco.exec.
[INFO] Loading execution data file /Users/yicheng/research/covDiff/clients/apache@servicecomb-pack/./omega/omega-transport/omega-transport-resttemplate/target/jacoco.exec.
[INFO] Loading execution data file /Users/yicheng/research/covDiff/clients/apache@servicecomb-pack/./omega/omega-transport/omega-transport-dubbo/target/jacoco.exec.
[INFO] Loading execution data file /Users/yicheng/research/covDiff/clients/apache@servicecomb-pack/./omega/omega-transport/omega-transport-feign/target/jacoco.exec.
[INFO] Loading execution data file /Users/yicheng/research/covDiff/clients/apache@servicecomb-pack/./alpha/alpha-core/target/jacoco.exec.
[INFO] Loading execution data file /Users/yicheng/research/covDiff/clients/apache@servicecomb-pack/./alpha/alpha-fsm/target/jacoco.exec.
[INFO] Loading execution data file /Users/yicheng/research/covDiff/clients/apache@servicecomb-pack/./alpha/alpha-server/target/jacoco.exec.
[INFO] Writing execution data to /Users/yicheng/research/covDiff/clients/apache@servicecomb-pack/apache@servicecomb-pack-commons-io@commons-io.exec.
apache@servicecomb-pack-commons-io@commons-io.exec is generated successfully!!
apache@servicecomb-pack uses commons-io:commons-io version 2.4
Version 2.4 corresponds to tag 2.4
Checking out to tag 2.4
Testing...
NoCoverage! Move to other clients...

Processing torakiki@pdfsam
Cloning...
/Users/yicheng/research/covDiff/clients/torakiki@pdfsam
torakiki@pdfsam-commons-io@commons-io.exec file exists OR TestTimeOut OR NoCoverage!
Found        0 exec files
NoCoverage! Move to next client...

Processing graphhopper@graphhopper
Cloning...
/Users/yicheng/research/covDiff/clients/graphhopper@graphhopper
graphhopper@graphhopper-commons-io@commons-io.exec file exists OR TestTimeOut OR NoCoverage!
Found        0 exec files
NoCoverage! Move to next client...

Processing hugegraph@hugegraph
Cloning...
/Users/yicheng/research/covDiff/clients/hugegraph@hugegraph
Testing...(Timeout is set to 15m)
Found        1 exec files
hugegraph@hugegraph uses commons-io:commons-io version 2.7
Version 2.7 corresponds to tag commons-io-2.7-RC1
Checking out to tag commons-io-2.7-RC1
Testing...
libraries/apache@commons-io/commons-io@commons-io-commons-io-2.7-RC1.exec or clients/hugegraph@hugegraph/hugegraph@hugegraph-commons-io@commons-io.exec not exist. Move to next client

Processing bit4woo@knife
Cloning...
/Users/yicheng/research/covDiff/clients/bit4woo@knife
bit4woo@knife-commons-io@commons-io.exec file exists OR TestTimeOut OR NoCoverage!
Found        0 exec files
NoCoverage! Move to next client...

Processing bit4woo@domain_hunter_pro
Cloning...
/Users/yicheng/research/covDiff/clients/bit4woo@domain_hunter_pro
bit4woo@domain_hunter_pro-commons-io@commons-io.exec file exists OR TestTimeOut OR NoCoverage!
Found        0 exec files
NoCoverage! Move to next client...

Processing alibaba@DataX
Cloning...
/Users/yicheng/research/covDiff/clients/alibaba@DataX
alibaba@DataX-commons-io@commons-io.exec file exists OR TestTimeOut OR NoCoverage!
Found        0 exec files
NoCoverage! Move to next client...

Processing wildfly@wildfly
Cloning...
/Users/yicheng/research/covDiff/clients/wildfly@wildfly
wildfly@wildfly-commons-io@commons-io.exec file exists OR TestTimeOut OR NoCoverage!
Found        0 exec files
NoCoverage! Move to next client...

Processing jenkinsci@blueocean-plugin
Cloning...
/Users/yicheng/research/covDiff/clients/jenkinsci@blueocean-plugin
jenkinsci@blueocean-plugin-commons-io@commons-io.exec file exists OR TestTimeOut OR NoCoverage!
Found        0 exec files
NoCoverage! Move to next client...

Processing jeremylong@DependencyCheck
Cloning...
/Users/yicheng/research/covDiff/clients/jeremylong@DependencyCheck
Testing...(Timeout is set to 15m)
Found        1 exec files
jeremylong@DependencyCheck uses commons-io:commons-io version 2.11.0
Version 2.11.0 corresponds to tag commons-io-2.11.0-RC1
Checking out to tag commons-io-2.11.0-RC1
Testing...
libraries/apache@commons-io/commons-io@commons-io-commons-io-2.11.0-RC1.exec or clients/jeremylong@DependencyCheck/jeremylong@DependencyCheck-commons-io@commons-io.exec not exist. Move to next client

Processing Meituan-Dianping@Leaf
Cloning...
/Users/yicheng/research/covDiff/clients/Meituan-Dianping@Leaf
Meituan-Dianping@Leaf-commons-io@commons-io.exec file exists OR TestTimeOut OR NoCoverage!
Found        0 exec files
NoCoverage! Move to next client...

Processing apache@accumulo
Cloning...
/Users/yicheng/research/covDiff/clients/apache@accumulo
apache@accumulo-commons-io@commons-io.exec file exists OR TestTimeOut OR NoCoverage!
Found        0 exec files
NoCoverage! Move to next client...

Processing netty@netty
Cloning...
/Users/yicheng/research/covDiff/clients/netty@netty
netty@netty-commons-io@commons-io.exec file exists OR TestTimeOut OR NoCoverage!
Found        0 exec files
NoCoverage! Move to next client...

Processing ata4@disunity
Cloning...
/Users/yicheng/research/covDiff/clients/ata4@disunity
Testing...(Timeout is set to 15m)
Found        1 exec files
ata4@disunity uses commons-io:commons-io version 2.4
Version 2.4 corresponds to tag 2.4
Checking out to tag 2.4
Testing...
NoCoverage! Move to other clients...

Processing shopizer-ecommerce@shopizer
Cloning...
/Users/yicheng/research/covDiff/clients/shopizer-ecommerce@shopizer
shopizer-ecommerce@shopizer-commons-io@commons-io.exec file exists OR TestTimeOut OR NoCoverage!
Found        0 exec files
NoCoverage! Move to next client...

Processing rest-assured@rest-assured
Cloning...
/Users/yicheng/research/covDiff/clients/rest-assured@rest-assured
rest-assured@rest-assured-commons-io@commons-io.exec file exists OR TestTimeOut OR NoCoverage!
Found        0 exec files
NoCoverage! Move to next client...

Processing hazelcast@hazelcast
Cloning...
/Users/yicheng/research/covDiff/clients/hazelcast@hazelcast
hazelcast@hazelcast-commons-io@commons-io.exec file exists OR TestTimeOut OR NoCoverage!
Found        0 exec files
NoCoverage! Move to next client...

Processing febsteam@FEBS-Shiro
Cloning...
/Users/yicheng/research/covDiff/clients/febsteam@FEBS-Shiro
febsteam@FEBS-Shiro-commons-io@commons-io.exec file exists OR TestTimeOut OR NoCoverage!
Found        0 exec files
NoCoverage! Move to next client...

Processing liuyangming@ByteTCC
Cloning...
/Users/yicheng/research/covDiff/clients/liuyangming@ByteTCC
liuyangming@ByteTCC-commons-io@commons-io.exec file exists OR TestTimeOut OR NoCoverage!
Found        0 exec files
NoCoverage! Move to next client...

Processing corona-warn-app@cwa-server
Cloning...
/Users/yicheng/research/covDiff/clients/corona-warn-app@cwa-server
corona-warn-app@cwa-server-commons-io@commons-io.exec file exists OR TestTimeOut OR NoCoverage!
Found        0 exec files
NoCoverage! Move to next client...

Processing apache@dolphinscheduler
Cloning...
/Users/yicheng/research/covDiff/clients/apache@dolphinscheduler
apache@dolphinscheduler-commons-io@commons-io.exec file exists OR TestTimeOut OR NoCoverage!
Found       35 exec files
[INFO] Loading execution data file /Users/yicheng/research/covDiff/clients/apache@dolphinscheduler/./dolphinscheduler-registry/dolphinscheduler-registry-plugins/dolphinscheduler-registry-zookeeper/target/jacoco.exec.
[INFO] Loading execution data file /Users/yicheng/research/covDiff/clients/apache@dolphinscheduler/./dolphinscheduler-alert/dolphinscheduler-alert-server/target/jacoco.exec.
[INFO] Loading execution data file /Users/yicheng/research/covDiff/clients/apache@dolphinscheduler/./dolphinscheduler-alert/dolphinscheduler-alert-plugins/dolphinscheduler-alert-script/target/jacoco.exec.
[INFO] Loading execution data file /Users/yicheng/research/covDiff/clients/apache@dolphinscheduler/./dolphinscheduler-alert/dolphinscheduler-alert-plugins/dolphinscheduler-alert-pagerduty/target/jacoco.exec.
[INFO] Loading execution data file /Users/yicheng/research/covDiff/clients/apache@dolphinscheduler/./dolphinscheduler-alert/dolphinscheduler-alert-plugins/dolphinscheduler-alert-http/target/jacoco.exec.
[INFO] Loading execution data file /Users/yicheng/research/covDiff/clients/apache@dolphinscheduler/./dolphinscheduler-alert/dolphinscheduler-alert-plugins/dolphinscheduler-alert-feishu/target/jacoco.exec.
[INFO] Loading execution data file /Users/yicheng/research/covDiff/clients/apache@dolphinscheduler/./dolphinscheduler-alert/dolphinscheduler-alert-plugins/dolphinscheduler-alert-dingtalk/target/jacoco.exec.
[INFO] Loading execution data file /Users/yicheng/research/covDiff/clients/apache@dolphinscheduler/./dolphinscheduler-alert/dolphinscheduler-alert-plugins/dolphinscheduler-alert-email/target/jacoco.exec.
[INFO] Loading execution data file /Users/yicheng/research/covDiff/clients/apache@dolphinscheduler/./dolphinscheduler-alert/dolphinscheduler-alert-plugins/dolphinscheduler-alert-slack/target/jacoco.exec.
[INFO] Loading execution data file /Users/yicheng/research/covDiff/clients/apache@dolphinscheduler/./dolphinscheduler-alert/dolphinscheduler-alert-plugins/dolphinscheduler-alert-telegram/target/jacoco.exec.
[INFO] Loading execution data file /Users/yicheng/research/covDiff/clients/apache@dolphinscheduler/./dolphinscheduler-alert/dolphinscheduler-alert-plugins/dolphinscheduler-alert-wechat/target/jacoco.exec.
[INFO] Loading execution data file /Users/yicheng/research/covDiff/clients/apache@dolphinscheduler/./dolphinscheduler-alert/dolphinscheduler-alert-plugins/dolphinscheduler-alert-webexteams/target/jacoco.exec.
[INFO] Loading execution data file /Users/yicheng/research/covDiff/clients/apache@dolphinscheduler/./dolphinscheduler-server/target/jacoco.exec.
[INFO] Loading execution data file /Users/yicheng/research/covDiff/clients/apache@dolphinscheduler/./dolphinscheduler-datasource-plugin/dolphinscheduler-datasource-hive/target/jacoco.exec.
[INFO] Loading execution data file /Users/yicheng/research/covDiff/clients/apache@dolphinscheduler/./dolphinscheduler-datasource-plugin/dolphinscheduler-datasource-oracle/target/jacoco.exec.
[INFO] Loading execution data file /Users/yicheng/research/covDiff/clients/apache@dolphinscheduler/./dolphinscheduler-datasource-plugin/dolphinscheduler-datasource-mysql/target/jacoco.exec.
[INFO] Loading execution data file /Users/yicheng/research/covDiff/clients/apache@dolphinscheduler/./dolphinscheduler-datasource-plugin/dolphinscheduler-datasource-clickhouse/target/jacoco.exec.
[INFO] Loading execution data file /Users/yicheng/research/covDiff/clients/apache@dolphinscheduler/./dolphinscheduler-datasource-plugin/dolphinscheduler-datasource-postgresql/target/jacoco.exec.
[INFO] Loading execution data file /Users/yicheng/research/covDiff/clients/apache@dolphinscheduler/./dolphinscheduler-datasource-plugin/dolphinscheduler-datasource-db2/target/jacoco.exec.
[INFO] Loading execution data file /Users/yicheng/research/covDiff/clients/apache@dolphinscheduler/./dolphinscheduler-datasource-plugin/dolphinscheduler-datasource-api/target/jacoco.exec.
[INFO] Loading execution data file /Users/yicheng/research/covDiff/clients/apache@dolphinscheduler/./dolphinscheduler-datasource-plugin/dolphinscheduler-datasource-sqlserver/target/jacoco.exec.
[INFO] Loading execution data file /Users/yicheng/research/covDiff/clients/apache@dolphinscheduler/./dolphinscheduler-dao/target/jacoco.exec.
[INFO] Loading execution data file /Users/yicheng/research/covDiff/clients/apache@dolphinscheduler/./dolphinscheduler-log-server/target/jacoco.exec.
[INFO] Loading execution data file /Users/yicheng/research/covDiff/clients/apache@dolphinscheduler/./dolphinscheduler-task-plugin/dolphinscheduler-task-emr/target/jacoco.exec.
[INFO] Loading execution data file /Users/yicheng/research/covDiff/clients/apache@dolphinscheduler/./dolphinscheduler-task-plugin/dolphinscheduler-task-pigeon/target/jacoco.exec.
[INFO] Loading execution data file /Users/yicheng/research/covDiff/clients/apache@dolphinscheduler/./dolphinscheduler-task-plugin/dolphinscheduler-task-dataquality/target/jacoco.exec.
[INFO] Loading execution data file /Users/yicheng/research/covDiff/clients/apache@dolphinscheduler/./dolphinscheduler-task-plugin/dolphinscheduler-task-python/target/jacoco.exec.
[INFO] Loading execution data file /Users/yicheng/research/covDiff/clients/apache@dolphinscheduler/./dolphinscheduler-task-plugin/dolphinscheduler-task-api/target/jacoco.exec.
[INFO] Loading execution data file /Users/yicheng/research/covDiff/clients/apache@dolphinscheduler/./dolphinscheduler-data-quality/target/jacoco.exec.
[INFO] Loading execution data file /Users/yicheng/research/covDiff/clients/apache@dolphinscheduler/./dolphinscheduler-worker/target/jacoco.exec.
[INFO] Loading execution data file /Users/yicheng/research/covDiff/clients/apache@dolphinscheduler/./dolphinscheduler-api/target/jacoco.exec.
[INFO] Loading execution data file /Users/yicheng/research/covDiff/clients/apache@dolphinscheduler/./dolphinscheduler-spi/target/jacoco.exec.
[INFO] Loading execution data file /Users/yicheng/research/covDiff/clients/apache@dolphinscheduler/./dolphinscheduler-remote/target/jacoco.exec.
[INFO] Loading execution data file /Users/yicheng/research/covDiff/clients/apache@dolphinscheduler/./dolphinscheduler-common/target/jacoco.exec.
[INFO] Loading execution data file /Users/yicheng/research/covDiff/clients/apache@dolphinscheduler/./dolphinscheduler-service/target/jacoco.exec.
[INFO] Writing execution data to /Users/yicheng/research/covDiff/clients/apache@dolphinscheduler/apache@dolphinscheduler-commons-io@commons-io.exec.
apache@dolphinscheduler-commons-io@commons-io.exec is generated successfully!!
Dependency version resolving failed. Move to the next client

Processing apache@zeppelin
Cloning...
/Users/yicheng/research/covDiff/clients/apache@zeppelin
apache@zeppelin-commons-io@commons-io.exec file exists OR TestTimeOut OR NoCoverage!
Found        0 exec files
NoCoverage! Move to next client...

Processing iluwatar@java-design-patterns
Cloning...
/Users/yicheng/research/covDiff/clients/iluwatar@java-design-patterns
iluwatar@java-design-patterns-commons-io@commons-io.exec file exists OR TestTimeOut OR NoCoverage!
Found        0 exec files
NoCoverage! Move to next client...

Processing ninjaframework@ninja
Cloning...
/Users/yicheng/research/covDiff/clients/ninjaframework@ninja
ninjaframework@ninja-commons-io@commons-io.exec file exists OR TestTimeOut OR NoCoverage!
Found       13 exec files
[INFO] Loading execution data file /Users/yicheng/research/covDiff/clients/ninjaframework@ninja/./ninja-metrics-graphite/target/jacoco.exec.
[INFO] Loading execution data file /Users/yicheng/research/covDiff/clients/ninjaframework@ninja/./ninja-standalone/target/jacoco.exec.
[INFO] Loading execution data file /Users/yicheng/research/covDiff/clients/ninjaframework@ninja/./ninja-maven-plugin/target/jacoco.exec.
[INFO] Loading execution data file /Users/yicheng/research/covDiff/clients/ninjaframework@ninja/./ninja-db-classic/target/jacoco.exec.
[INFO] Loading execution data file /Users/yicheng/research/covDiff/clients/ninjaframework@ninja/./ninja-servlet-integration-test/target/jacoco.exec.
[INFO] Loading execution data file /Users/yicheng/research/covDiff/clients/ninjaframework@ninja/./ninja-test-utilities/target/jacoco.exec.
[INFO] Loading execution data file /Users/yicheng/research/covDiff/clients/ninjaframework@ninja/./ninja-servlet-jpa-blog-integration-test/target/jacoco.exec.
[INFO] Loading execution data file /Users/yicheng/research/covDiff/clients/ninjaframework@ninja/./ninja-core/target/jacoco.exec.
[INFO] Loading execution data file /Users/yicheng/research/covDiff/clients/ninjaframework@ninja/./ninja-jaxy-routes/target/jacoco.exec.
[INFO] Loading execution data file /Users/yicheng/research/covDiff/clients/ninjaframework@ninja/./ninja-metrics/target/jacoco.exec.
[INFO] Loading execution data file /Users/yicheng/research/covDiff/clients/ninjaframework@ninja/./ninja-postoffice/target/jacoco.exec.
[INFO] Loading execution data file /Users/yicheng/research/covDiff/clients/ninjaframework@ninja/./ninja-servlet/target/jacoco.exec.
[INFO] Loading execution data file /Users/yicheng/research/covDiff/clients/ninjaframework@ninja/./ninja-websockets-jsr356/target/jacoco.exec.
[INFO] Writing execution data to /Users/yicheng/research/covDiff/clients/ninjaframework@ninja/ninjaframework@ninja-commons-io@commons-io.exec.
ninjaframework@ninja-commons-io@commons-io.exec is generated successfully!!
ninjaframework@ninja uses commons-io:commons-io version 2.11.0
Version 2.11.0 corresponds to tag commons-io-2.11.0-RC1
Checking out to tag commons-io-2.11.0-RC1
Testing...
Start Cov Diff...
[INFO] Loading execution data file /Users/yicheng/research/covDiff/libraries/apache@commons-io/comparison/lib.exec.
[INFO] Loading execution data file /Users/yicheng/research/covDiff/libraries/apache@commons-io/comparison/client.exec.
[INFO] Analyzing 189 classes.
********** Diff Cov Lib:commons-io@commons-io Client:ninjaframework@ninja **********
java.io.FileNotFoundException: /Users/yicheng/research/covDiff/libraries/apache@commons-io/comparison/lib.xml (No such file or directory)
	at java.io.FileInputStream.open0(Native Method)
	at java.io.FileInputStream.open(FileInputStream.java:195)
	at java.io.FileInputStream.<init>(FileInputStream.java:138)
	at java.io.FileInputStream.<init>(FileInputStream.java:93)
	at sun.net.www.protocol.file.FileURLConnection.connect(FileURLConnection.java:90)
	at sun.net.www.protocol.file.FileURLConnection.getInputStream(FileURLConnection.java:188)
	at com.sun.org.apache.xerces.internal.impl.XMLEntityManager.setupCurrentEntity(XMLEntityManager.java:623)
	at com.sun.org.apache.xerces.internal.impl.XMLVersionDetector.determineDocVersion(XMLVersionDetector.java:148)
	at com.sun.org.apache.xerces.internal.parsers.XML11Configuration.parse(XML11Configuration.java:806)
	at com.sun.org.apache.xerces.internal.parsers.XML11Configuration.parse(XML11Configuration.java:771)
	at com.sun.org.apache.xerces.internal.parsers.XMLParser.parse(XMLParser.java:141)
	at com.sun.org.apache.xerces.internal.parsers.DOMParser.parse(DOMParser.java:243)
	at com.sun.org.apache.xerces.internal.jaxp.DocumentBuilderImpl.parse(DocumentBuilderImpl.java:339)
	at javax.xml.parsers.DocumentBuilder.parse(DocumentBuilder.java:205)
	at jacoco.DomParser.getCov(DomParser.java:36)
	at jacoco.DomParser.main(DomParser.java:125)
The first coverage subsumes the second.

Processing sofastack@sofa-jraft
Cloning...
/Users/yicheng/research/covDiff/clients/sofastack@sofa-jraft
sofastack@sofa-jraft-commons-io@commons-io.exec file exists OR TestTimeOut OR NoCoverage!
Found        0 exec files
NoCoverage! Move to next client...

Processing apache@iotdb
Cloning...
/Users/yicheng/research/covDiff/clients/apache@iotdb
apache@iotdb-commons-io@commons-io.exec file exists OR TestTimeOut OR NoCoverage!
Found        0 exec files
NoCoverage! Move to next client...

Processing code4craft@webmagic
Cloning...
/Users/yicheng/research/covDiff/clients/code4craft@webmagic
code4craft@webmagic-commons-io@commons-io.exec file exists OR TestTimeOut OR NoCoverage!
Found        6 exec files
[INFO] Loading execution data file /Users/yicheng/research/covDiff/clients/code4craft@webmagic/./webmagic-core/target/jacoco.exec.
[INFO] Loading execution data file /Users/yicheng/research/covDiff/clients/code4craft@webmagic/./webmagic-selenium/target/jacoco.exec.
[INFO] Loading execution data file /Users/yicheng/research/covDiff/clients/code4craft@webmagic/./webmagic-extension/target/jacoco.exec.
[INFO] Loading execution data file /Users/yicheng/research/covDiff/clients/code4craft@webmagic/./webmagic-samples/target/jacoco.exec.
[INFO] Loading execution data file /Users/yicheng/research/covDiff/clients/code4craft@webmagic/./webmagic-saxon/target/jacoco.exec.
[INFO] Loading execution data file /Users/yicheng/research/covDiff/clients/code4craft@webmagic/./webmagic-scripts/target/jacoco.exec.
[INFO] Writing execution data to /Users/yicheng/research/covDiff/clients/code4craft@webmagic/code4craft@webmagic-commons-io@commons-io.exec.
code4craft@webmagic-commons-io@commons-io.exec is generated successfully!!
code4craft@webmagic uses commons-io:commons-io version 2.8.0
Version 2.8.0 corresponds to tag commons-io-2.8.0-RC1
Checking out to tag commons-io-2.8.0-RC1
Testing...
Start Cov Diff...
[INFO] Loading execution data file /Users/yicheng/research/covDiff/libraries/apache@commons-io/comparison/lib.exec.
[INFO] Loading execution data file /Users/yicheng/research/covDiff/libraries/apache@commons-io/comparison/client.exec.
[INFO] Analyzing 170 classes.
********** Diff Cov Lib:commons-io@commons-io Client:code4craft@webmagic **********
java.io.FileNotFoundException: /Users/yicheng/research/covDiff/libraries/apache@commons-io/comparison/lib.xml (No such file or directory)
	at java.io.FileInputStream.open0(Native Method)
	at java.io.FileInputStream.open(FileInputStream.java:195)
	at java.io.FileInputStream.<init>(FileInputStream.java:138)
	at java.io.FileInputStream.<init>(FileInputStream.java:93)
	at sun.net.www.protocol.file.FileURLConnection.connect(FileURLConnection.java:90)
	at sun.net.www.protocol.file.FileURLConnection.getInputStream(FileURLConnection.java:188)
	at com.sun.org.apache.xerces.internal.impl.XMLEntityManager.setupCurrentEntity(XMLEntityManager.java:623)
	at com.sun.org.apache.xerces.internal.impl.XMLVersionDetector.determineDocVersion(XMLVersionDetector.java:148)
	at com.sun.org.apache.xerces.internal.parsers.XML11Configuration.parse(XML11Configuration.java:806)
	at com.sun.org.apache.xerces.internal.parsers.XML11Configuration.parse(XML11Configuration.java:771)
	at com.sun.org.apache.xerces.internal.parsers.XMLParser.parse(XMLParser.java:141)
	at com.sun.org.apache.xerces.internal.parsers.DOMParser.parse(DOMParser.java:243)
	at com.sun.org.apache.xerces.internal.jaxp.DocumentBuilderImpl.parse(DocumentBuilderImpl.java:339)
	at javax.xml.parsers.DocumentBuilder.parse(DocumentBuilder.java:205)
	at jacoco.DomParser.getCov(DomParser.java:36)
	at jacoco.DomParser.main(DomParser.java:125)
The first coverage subsumes the second.

Processing searchbox-io@Jest
Cloning...
/Users/yicheng/research/covDiff/clients/searchbox-io@Jest
searchbox-io@Jest-commons-io@commons-io.exec file exists OR TestTimeOut OR NoCoverage!
Found        0 exec files
NoCoverage! Move to next client...

Processing thinkaurelius@titan
Cloning...
/Users/yicheng/research/covDiff/clients/thinkaurelius@titan
thinkaurelius@titan-commons-io@commons-io.exec file exists OR TestTimeOut OR NoCoverage!
Found        0 exec files
NoCoverage! Move to next client...

Processing swagger-api@swagger-core
Cloning...
/Users/yicheng/research/covDiff/clients/swagger-api@swagger-core
swagger-api@swagger-core-commons-io@commons-io.exec file exists OR TestTimeOut OR NoCoverage!
Found        4 exec files
[INFO] Loading execution data file /Users/yicheng/research/covDiff/clients/swagger-api@swagger-core/./modules/swagger-integration/target/jacoco.exec.
[INFO] Loading execution data file /Users/yicheng/research/covDiff/clients/swagger-api@swagger-core/./modules/swagger-jaxrs2/target/jacoco.exec.
[INFO] Loading execution data file /Users/yicheng/research/covDiff/clients/swagger-api@swagger-core/./modules/swagger-maven-plugin/target/jacoco.exec.
[INFO] Loading execution data file /Users/yicheng/research/covDiff/clients/swagger-api@swagger-core/./modules/swagger-core/target/jacoco.exec.
[INFO] Writing execution data to /Users/yicheng/research/covDiff/clients/swagger-api@swagger-core/swagger-api@swagger-core-commons-io@commons-io.exec.
swagger-api@swagger-core-commons-io@commons-io.exec is generated successfully!!
swagger-api@swagger-core uses commons-io:commons-io version 2.11.0
Version 2.11.0 corresponds to tag commons-io-2.11.0-RC1
Checking out to tag commons-io-2.11.0-RC1
Testing...
Start Cov Diff...
[INFO] Loading execution data file /Users/yicheng/research/covDiff/libraries/apache@commons-io/comparison/lib.exec.
[INFO] Loading execution data file /Users/yicheng/research/covDiff/libraries/apache@commons-io/comparison/client.exec.
[INFO] Analyzing 189 classes.
********** Diff Cov Lib:commons-io@commons-io Client:swagger-api@swagger-core **********
java.io.FileNotFoundException: /Users/yicheng/research/covDiff/libraries/apache@commons-io/comparison/lib.xml (No such file or directory)
	at java.io.FileInputStream.open0(Native Method)
	at java.io.FileInputStream.open(FileInputStream.java:195)
	at java.io.FileInputStream.<init>(FileInputStream.java:138)
	at java.io.FileInputStream.<init>(FileInputStream.java:93)
	at sun.net.www.protocol.file.FileURLConnection.connect(FileURLConnection.java:90)
	at sun.net.www.protocol.file.FileURLConnection.getInputStream(FileURLConnection.java:188)
	at com.sun.org.apache.xerces.internal.impl.XMLEntityManager.setupCurrentEntity(XMLEntityManager.java:623)
	at com.sun.org.apache.xerces.internal.impl.XMLVersionDetector.determineDocVersion(XMLVersionDetector.java:148)
	at com.sun.org.apache.xerces.internal.parsers.XML11Configuration.parse(XML11Configuration.java:806)
	at com.sun.org.apache.xerces.internal.parsers.XML11Configuration.parse(XML11Configuration.java:771)
	at com.sun.org.apache.xerces.internal.parsers.XMLParser.parse(XMLParser.java:141)
	at com.sun.org.apache.xerces.internal.parsers.DOMParser.parse(DOMParser.java:243)
	at com.sun.org.apache.xerces.internal.jaxp.DocumentBuilderImpl.parse(DocumentBuilderImpl.java:339)
	at javax.xml.parsers.DocumentBuilder.parse(DocumentBuilder.java:205)
	at jacoco.DomParser.getCov(DomParser.java:36)
	at jacoco.DomParser.main(DomParser.java:125)
The first coverage subsumes the second.

Processing eclipse@jetty.project
Cloning...
/Users/yicheng/research/covDiff/clients/eclipse@jetty.project
eclipse@jetty.project-commons-io@commons-io.exec file exists OR TestTimeOut OR NoCoverage!
Found        0 exec files
NoCoverage! Move to next client...

Processing airsonic@airsonic
Cloning...
/Users/yicheng/research/covDiff/clients/airsonic@airsonic
airsonic@airsonic-commons-io@commons-io.exec file exists OR TestTimeOut OR NoCoverage!
Found        0 exec files
NoCoverage! Move to next client...

Processing scobal@seyren
Cloning...
/Users/yicheng/research/covDiff/clients/scobal@seyren
scobal@seyren-commons-io@commons-io.exec file exists OR TestTimeOut OR NoCoverage!
Found        0 exec files
NoCoverage! Move to next client...

Processing pinpoint-apm@pinpoint
Cloning...
/Users/yicheng/research/covDiff/clients/pinpoint-apm@pinpoint
pinpoint-apm@pinpoint-commons-io@commons-io.exec file exists OR TestTimeOut OR NoCoverage!
Found        0 exec files
NoCoverage! Move to next client...

Processing joelittlejohn@jsonschema2pojo
Cloning...
/Users/yicheng/research/covDiff/clients/joelittlejohn@jsonschema2pojo
joelittlejohn@jsonschema2pojo-commons-io@commons-io.exec file exists OR TestTimeOut OR NoCoverage!
Found        4 exec files
[INFO] Loading execution data file /Users/yicheng/research/covDiff/clients/joelittlejohn@jsonschema2pojo/./jsonschema2pojo-cli/target/jacoco.exec.
[INFO] Loading execution data file /Users/yicheng/research/covDiff/clients/joelittlejohn@jsonschema2pojo/./jsonschema2pojo-core/target/jacoco.exec.
[INFO] Loading execution data file /Users/yicheng/research/covDiff/clients/joelittlejohn@jsonschema2pojo/./jsonschema2pojo-maven-plugin/target/jacoco.exec.
[INFO] Loading execution data file /Users/yicheng/research/covDiff/clients/joelittlejohn@jsonschema2pojo/./jsonschema2pojo-gradle-plugin/target/jacoco.exec.
[INFO] Writing execution data to /Users/yicheng/research/covDiff/clients/joelittlejohn@jsonschema2pojo/joelittlejohn@jsonschema2pojo-commons-io@commons-io.exec.
joelittlejohn@jsonschema2pojo-commons-io@commons-io.exec is generated successfully!!
joelittlejohn@jsonschema2pojo uses commons-io:commons-io version 2.11.0
Version 2.11.0 corresponds to tag commons-io-2.11.0-RC1
Checking out to tag commons-io-2.11.0-RC1
Testing...
Start Cov Diff...
[INFO] Loading execution data file /Users/yicheng/research/covDiff/libraries/apache@commons-io/comparison/lib.exec.
[INFO] Loading execution data file /Users/yicheng/research/covDiff/libraries/apache@commons-io/comparison/client.exec.
[INFO] Analyzing 189 classes.
********** Diff Cov Lib:commons-io@commons-io Client:joelittlejohn@jsonschema2pojo **********
java.io.FileNotFoundException: /Users/yicheng/research/covDiff/libraries/apache@commons-io/comparison/lib.xml (No such file or directory)
	at java.io.FileInputStream.open0(Native Method)
	at java.io.FileInputStream.open(FileInputStream.java:195)
	at java.io.FileInputStream.<init>(FileInputStream.java:138)
	at java.io.FileInputStream.<init>(FileInputStream.java:93)
	at sun.net.www.protocol.file.FileURLConnection.connect(FileURLConnection.java:90)
	at sun.net.www.protocol.file.FileURLConnection.getInputStream(FileURLConnection.java:188)
	at com.sun.org.apache.xerces.internal.impl.XMLEntityManager.setupCurrentEntity(XMLEntityManager.java:623)
	at com.sun.org.apache.xerces.internal.impl.XMLVersionDetector.determineDocVersion(XMLVersionDetector.java:148)
	at com.sun.org.apache.xerces.internal.parsers.XML11Configuration.parse(XML11Configuration.java:806)
	at com.sun.org.apache.xerces.internal.parsers.XML11Configuration.parse(XML11Configuration.java:771)
	at com.sun.org.apache.xerces.internal.parsers.XMLParser.parse(XMLParser.java:141)
	at com.sun.org.apache.xerces.internal.parsers.DOMParser.parse(DOMParser.java:243)
	at com.sun.org.apache.xerces.internal.jaxp.DocumentBuilderImpl.parse(DocumentBuilderImpl.java:339)
	at javax.xml.parsers.DocumentBuilder.parse(DocumentBuilder.java:205)
	at jacoco.DomParser.getCov(DomParser.java:36)
	at jacoco.DomParser.main(DomParser.java:125)
The first coverage subsumes the second.

Processing apache@kylin
Cloning...
/Users/yicheng/research/covDiff/clients/apache@kylin
apache@kylin-commons-io@commons-io.exec file exists OR TestTimeOut OR NoCoverage!
Found        0 exec files
NoCoverage! Move to next client...

Processing spotify@helios
Cloning...
/Users/yicheng/research/covDiff/clients/spotify@helios
spotify@helios-commons-io@commons-io.exec file exists OR TestTimeOut OR NoCoverage!
Found        2 exec files
[INFO] Loading execution data file /Users/yicheng/research/covDiff/clients/spotify@helios/./helios-client/target/jacoco.exec.
Dependency version resolving failed. Move to the next client

Processing apache@zookeeper
Cloning...
/Users/yicheng/research/covDiff/clients/apache@zookeeper
apache@zookeeper-commons-io@commons-io.exec file exists OR TestTimeOut OR NoCoverage!
Found        1 exec files
Dependency version resolving failed. Move to the next client

Processing wkeyuan@DWSurvey
Cloning...
/Users/yicheng/research/covDiff/clients/wkeyuan@DWSurvey
Testing...(Timeout is set to 15m)
Found        1 exec files
wkeyuan@DWSurvey-commons-io@commons-io.exec is generated successfully!!
wkeyuan@DWSurvey uses commons-io:commons-io version 2.7
Version 2.7 corresponds to tag commons-io-2.7-RC1
Checking out to tag commons-io-2.7-RC1
Testing...
Start Cov Diff...
[INFO] Loading execution data file /Users/yicheng/research/covDiff/libraries/apache@commons-io/comparison/lib.exec.
[INFO] Loading execution data file /Users/yicheng/research/covDiff/libraries/apache@commons-io/comparison/client.exec.
[INFO] Analyzing 165 classes.
********** Diff Cov Lib:commons-io@commons-io Client:wkeyuan@DWSurvey **********
java.io.FileNotFoundException: /Users/yicheng/research/covDiff/libraries/apache@commons-io/comparison/lib.xml (No such file or directory)
	at java.io.FileInputStream.open0(Native Method)
	at java.io.FileInputStream.open(FileInputStream.java:195)
	at java.io.FileInputStream.<init>(FileInputStream.java:138)
	at java.io.FileInputStream.<init>(FileInputStream.java:93)
	at sun.net.www.protocol.file.FileURLConnection.connect(FileURLConnection.java:90)
	at sun.net.www.protocol.file.FileURLConnection.getInputStream(FileURLConnection.java:188)
	at com.sun.org.apache.xerces.internal.impl.XMLEntityManager.setupCurrentEntity(XMLEntityManager.java:623)
	at com.sun.org.apache.xerces.internal.impl.XMLVersionDetector.determineDocVersion(XMLVersionDetector.java:148)
	at com.sun.org.apache.xerces.internal.parsers.XML11Configuration.parse(XML11Configuration.java:806)
	at com.sun.org.apache.xerces.internal.parsers.XML11Configuration.parse(XML11Configuration.java:771)
	at com.sun.org.apache.xerces.internal.parsers.XMLParser.parse(XMLParser.java:141)
	at com.sun.org.apache.xerces.internal.parsers.DOMParser.parse(DOMParser.java:243)
	at com.sun.org.apache.xerces.internal.jaxp.DocumentBuilderImpl.parse(DocumentBuilderImpl.java:339)
	at javax.xml.parsers.DocumentBuilder.parse(DocumentBuilder.java:205)
	at jacoco.DomParser.getCov(DomParser.java:36)
	at jacoco.DomParser.main(DomParser.java:125)
The first coverage subsumes the second.

Processing frohoff@ysoserial
Cloning...
/Users/yicheng/research/covDiff/clients/frohoff@ysoserial
Testing...(Timeout is set to 15m)
Found        1 exec files
frohoff@ysoserial-commons-io@commons-io.exec is generated successfully!!
frohoff@ysoserial uses commons-io:commons-io version 2.6
Version 2.6 corresponds to tag commons-io-2.6
Checking out to tag commons-io-2.6
Testing...
NoCoverage! Move to other clients...
