Start com.google.guava:guava

Processing signalapp@Signal-Server
Cloning...
/Users/yicheng/research/covDiff/clients/signalapp@Signal-Server
signalapp@Signal-Server-com.google.guava@guava.exec file exists OR TestTimeOut OR NoCoverage!
Found        0 exec files
NoCoverage! Move to next client...

Processing weibocom@motan
Cloning...
/Users/yicheng/research/covDiff/clients/weibocom@motan
weibocom@motan-com.google.guava@guava.exec file exists OR TestTimeOut OR NoCoverage!
Found       13 exec files
[INFO] Loading execution data file /Users/yicheng/research/covDiff/clients/weibocom@motan/./motan-demo/motan-demo-api/target/jacoco.exec.
[INFO] Loading execution data file /Users/yicheng/research/covDiff/clients/weibocom@motan/./motan-transport-netty/target/jacoco.exec.
[INFO] Loading execution data file /Users/yicheng/research/covDiff/clients/weibocom@motan/./motan-core/target/jacoco.exec.
[INFO] Loading execution data file /Users/yicheng/research/covDiff/clients/weibocom@motan/./motan-transport-netty4/target/jacoco.exec.
[INFO] Loading execution data file /Users/yicheng/research/covDiff/clients/weibocom@motan/./motan-springsupport/target/jacoco.exec.
[INFO] Loading execution data file /Users/yicheng/research/covDiff/clients/weibocom@motan/./motan-extension/serialization-extension/target/jacoco.exec.
[INFO] Loading execution data file /Users/yicheng/research/covDiff/clients/weibocom@motan/./motan-extension/filter-extension/filter-opentracing/target/jacoco.exec.
[INFO] Loading execution data file /Users/yicheng/research/covDiff/clients/weibocom@motan/./motan-extension/protocol-extension/motan-protocol-yar/target/jacoco.exec.
[INFO] Loading execution data file /Users/yicheng/research/covDiff/clients/weibocom@motan/./motan-extension/protocol-extension/motan-protocol-restful/target/jacoco.exec.
[INFO] Loading execution data file /Users/yicheng/research/covDiff/clients/weibocom@motan/./motan-registry-zookeeper/target/jacoco.exec.
[INFO] Loading execution data file /Users/yicheng/research/covDiff/clients/weibocom@motan/./motan-registry-consul/target/jacoco.exec.
[INFO] Loading execution data file /Users/yicheng/research/covDiff/clients/weibocom@motan/./motan-manager/target/jacoco.exec.
[INFO] Loading execution data file /Users/yicheng/research/covDiff/clients/weibocom@motan/./motan-registry-weibomesh/target/jacoco.exec.
[INFO] Writing execution data to /Users/yicheng/research/covDiff/clients/weibocom@motan/weibocom@motan-com.google.guava@guava.exec.
weibocom@motan-com.google.guava@guava.exec is generated successfully!!
weibocom@motan uses com.google.guava:guava version 18.0
Version 18.0 corresponds to tag v18.0
Checking out to tag v18.0
Testing...
libraries/google@guava/com.google.guava@guava-v18.0.exec or clients/weibocom@motan/weibocom@motan-com.google.guava@guava.exec not exist. Move to next client

Processing Alluxio@alluxio
Cloning...
/Users/yicheng/research/covDiff/clients/Alluxio@alluxio
Alluxio@alluxio-com.google.guava@guava.exec file exists OR TestTimeOut OR NoCoverage!
Found        6 exec files
[INFO] Loading execution data file /Users/yicheng/research/covDiff/clients/Alluxio@alluxio/./core/common/target/jacoco.exec.
[INFO] Loading execution data file /Users/yicheng/research/covDiff/clients/Alluxio@alluxio/./core/client/hdfs/target/jacoco.exec.
[INFO] Loading execution data file /Users/yicheng/research/covDiff/clients/Alluxio@alluxio/./core/client/fs/target/jacoco.exec.
[INFO] Loading execution data file /Users/yicheng/research/covDiff/clients/Alluxio@alluxio/./shell/target/jacoco.exec.
[INFO] Loading execution data file /Users/yicheng/research/covDiff/clients/Alluxio@alluxio/./job/common/target/jacoco.exec.
[INFO] Loading execution data file /Users/yicheng/research/covDiff/clients/Alluxio@alluxio/./job/client/target/jacoco.exec.
[INFO] Writing execution data to /Users/yicheng/research/covDiff/clients/Alluxio@alluxio/Alluxio@alluxio-com.google.guava@guava.exec.
Alluxio@alluxio-com.google.guava@guava.exec is generated successfully!!
Alluxio@alluxio uses com.google.guava:guava version 31.0.1
Version 31.0.1 corresponds to tag v31.0.1
Checking out to tag v31.0.1
Testing...
NoCoverage! Move to other clients...

Processing pvorb@npm-stat.com
Cloning...
/Users/yicheng/research/covDiff/clients/pvorb@npm-stat.com
pvorb@npm-stat.com-com.google.guava@guava.exec file exists OR TestTimeOut OR NoCoverage!
