HTTP/2 200 
server: GitHub.com
date: Tue, 22 Feb 2022 02:27:24 GMT
content-type: application/json; charset=utf-8
content-length: 544248
cache-control: no-cache
vary: Accept, Authorization, Cookie, X-GitHub-OTP
x-oauth-scopes: 
x-accepted-oauth-scopes: 
github-authentication-token-expiration: 2022-09-22 05:00:00 UTC
x-github-media-type: github.v3; format=json
link: <https://api.github.com/search/code?q=import+org.apache.ibatis+language%3Ajava&per_page=100&page=9>; rel="prev", <https://api.github.com/search/code?q=import+org.apache.ibatis+language%3Ajava&per_page=100&page=1>; rel="first"
x-ratelimit-limit: 30
x-ratelimit-remaining: 29
x-ratelimit-reset: 1645496899
x-ratelimit-used: 1
x-ratelimit-resource: search
access-control-expose-headers: ETag, Link, Location, Retry-After, X-GitHub-OTP, X-RateLimit-Limit, X-RateLimit-Remaining, X-RateLimit-Used, X-RateLimit-Resource, X-RateLimit-Reset, X-OAuth-Scopes, X-Accepted-OAuth-Scopes, X-Poll-Interval, X-GitHub-Media-Type, X-GitHub-SSO, X-GitHub-Request-Id, Deprecation, Sunset
access-control-allow-origin: *
strict-transport-security: max-age=31536000; includeSubdomains; preload
x-frame-options: deny
x-content-type-options: nosniff
x-xss-protection: 0
referrer-policy: origin-when-cross-origin, strict-origin-when-cross-origin
content-security-policy: default-src 'none'
vary: Accept-Encoding, Accept, X-Requested-With
x-github-request-id: EA12:4E18:41BFF1:921D96:62144A07

